INFO           2009/04/08 17:14:14 [main] (EC2ComputeProvider.java:40) [start()] - start(Credential [username:********], <?xml version="1.0" encoding="UTF-8"?>
<!DOCTYPE properties SYSTEM "http://java.sun.com/dtd/properties.dtd">
<properties>
<entry key="maxInstanceCount">4</entry>
<entry key="signatureMethod">test-signature-method</entry>
<entry key="imageId">test-image-id</entry>
<entry key="maxAsyncThreads">123</entry>
<entry key="keyname">test-keypair</entry>
<entry key="webappName">test-app-name</entry>
<entry key="minInstanceCount">3</entry>
<entry key="provider">test-amazon-provider</entry>
<entry key="webappPort">8080</entry>
<entry key="webappProtocol">http</entry>
</properties>
)
INFO           2009/04/08 17:23:19 [main] (EC2ComputeProvider.java:40) [start()] - start(Credential [username:********], <?xml version="1.0" encoding="UTF-8"?>
<!DOCTYPE properties SYSTEM "http://java.sun.com/dtd/properties.dtd">
<properties>
<entry key="maxInstanceCount">4</entry>
<entry key="signatureMethod">test-signature-method</entry>
<entry key="imageId">test-image-id</entry>
<entry key="maxAsyncThreads">123</entry>
<entry key="keyname">test-keypair</entry>
<entry key="webappName">test-app-name</entry>
<entry key="minInstanceCount">3</entry>
<entry key="provider">test-amazon-provider</entry>
<entry key="webappPort">8080</entry>
<entry key="webappProtocol">http</entry>
</properties>
)
INFO           2009/04/08 17:28:03 [main] (EC2ComputeProvider.java:40) [start()] - start(Credential [username:********], <?xml version="1.0" encoding="UTF-8"?>
<!DOCTYPE properties SYSTEM "http://java.sun.com/dtd/properties.dtd">
<properties>
<entry key="maxInstanceCount">4</entry>
<entry key="signatureMethod">test-signature-method</entry>
<entry key="imageId">test-image-id</entry>
<entry key="maxAsyncThreads">123</entry>
<entry key="keyname">test-keypair</entry>
<entry key="webappName">test-app-name</entry>
<entry key="minInstanceCount">3</entry>
<entry key="provider">test-amazon-provider</entry>
<entry key="webappPort">8080</entry>
<entry key="webappProtocol">http</entry>
</properties>
)
INFO           2009/04/08 17:30:10 [main] (EC2ComputeProvider.java:40) [start()] - start(Credential [username:********], <?xml version="1.0" encoding="UTF-8"?>
<!DOCTYPE properties SYSTEM "http://java.sun.com/dtd/properties.dtd">
<properties>
<entry key="maxInstanceCount">4</entry>
<entry key="signatureMethod">test-signature-method</entry>
<entry key="imageId">test-image-id</entry>
<entry key="maxAsyncThreads">123</entry>
<entry key="keyname">test-keypair</entry>
<entry key="webappName">test-app-name</entry>
<entry key="minInstanceCount">3</entry>
<entry key="provider">test-amazon-provider</entry>
<entry key="webappPort">8080</entry>
<entry key="webappProtocol">http</entry>
</properties>
)
INFO           2009/04/08 17:31:07 [main] (EC2ComputeProvider.java:40) [start()] - start(Credential [username:********], <?xml version="1.0" encoding="UTF-8"?>
<!DOCTYPE properties SYSTEM "http://java.sun.com/dtd/properties.dtd">
<properties>
<entry key="maxInstanceCount">4</entry>
<entry key="signatureMethod">test-signature-method</entry>
<entry key="imageId">test-image-id</entry>
<entry key="maxAsyncThreads">123</entry>
<entry key="keyname">test-keypair</entry>
<entry key="webappName">test-app-name</entry>
<entry key="minInstanceCount">3</entry>
<entry key="provider">test-amazon-provider</entry>
<entry key="webappPort">8080</entry>
<entry key="webappProtocol">http</entry>
</properties>
)
INFO           2009/04/08 17:32:25 [main] (EC2ComputeProvider.java:40) [start()] - start(Credential [username:********], <?xml version="1.0" encoding="UTF-8"?>
<!DOCTYPE properties SYSTEM "http://java.sun.com/dtd/properties.dtd">
<properties>
<entry key="maxInstanceCount">4</entry>
<entry key="signatureMethod">test-signature-method</entry>
<entry key="imageId">test-image-id</entry>
<entry key="maxAsyncThreads">123</entry>
<entry key="keyname">test-keypair</entry>
<entry key="webappName">test-app-name</entry>
<entry key="minInstanceCount">3</entry>
<entry key="provider">test-amazon-provider</entry>
<entry key="webappPort">8080</entry>
<entry key="webappProtocol">http</entry>
</properties>
)
INFO           2009/04/08 17:32:49 [main] (EC2ComputeProvider.java:40) [start()] - start(Credential [username:********], <?xml version="1.0" encoding="UTF-8"?>
<!DOCTYPE properties SYSTEM "http://java.sun.com/dtd/properties.dtd">
<properties>
<entry key="maxInstanceCount">4</entry>
<entry key="signatureMethod">test-signature-method</entry>
<entry key="imageId">test-image-id</entry>
<entry key="maxAsyncThreads">123</entry>
<entry key="keyname">test-keypair</entry>
<entry key="webappName">test-app-name</entry>
<entry key="minInstanceCount">3</entry>
<entry key="provider">test-amazon-provider</entry>
<entry key="webappPort">8080</entry>
<entry key="webappProtocol">http</entry>
</properties>
)
INFO           2009/04/08 17:33:51 [main] (EC2ComputeProvider.java:40) [start()] - start(Credential [username:********], <?xml version="1.0" encoding="UTF-8"?>
<!DOCTYPE properties SYSTEM "http://java.sun.com/dtd/properties.dtd">
<properties>
<entry key="maxInstanceCount">4</entry>
<entry key="signatureMethod">test-signature-method</entry>
<entry key="imageId">test-image-id</entry>
<entry key="maxAsyncThreads">123</entry>
<entry key="keyname">test-keypair</entry>
<entry key="webappName">test-app-name</entry>
<entry key="minInstanceCount">3</entry>
<entry key="provider">test-amazon-provider</entry>
<entry key="webappPort">8080</entry>
<entry key="webappProtocol">http</entry>
</properties>
)
INFO           2009/04/08 17:36:13 [main] (EC2ComputeProvider.java:40) [start()] - start(Credential [username:********], <?xml version="1.0" encoding="UTF-8"?>
<!DOCTYPE properties SYSTEM "http://java.sun.com/dtd/properties.dtd">
<properties>
<entry key="maxInstanceCount">4</entry>
<entry key="signatureMethod">test-signature-method</entry>
<entry key="imageId">test-image-id</entry>
<entry key="maxAsyncThreads">123</entry>
<entry key="keyname">test-keypair</entry>
<entry key="webappName">test-app-name</entry>
<entry key="minInstanceCount">3</entry>
<entry key="provider">test-amazon-provider</entry>
<entry key="webappPort">8080</entry>
<entry key="webappProtocol">http</entry>
</properties>
)
INFO           2009/04/08 17:37:05 [main] (EC2ComputeProvider.java:40) [start()] - start(Credential [username:********], <?xml version="1.0" encoding="UTF-8"?>
<!DOCTYPE properties SYSTEM "http://java.sun.com/dtd/properties.dtd">
<properties>
<entry key="maxInstanceCount">4</entry>
<entry key="signatureMethod">test-signature-method</entry>
<entry key="imageId">test-image-id</entry>
<entry key="maxAsyncThreads">123</entry>
<entry key="keyname">test-keypair</entry>
<entry key="webappName">test-app-name</entry>
<entry key="minInstanceCount">3</entry>
<entry key="provider">test-amazon-provider</entry>
<entry key="webappPort">8080</entry>
<entry key="webappProtocol">http</entry>
</properties>
)
INFO           2009/04/08 17:38:31 [main] (EC2ComputeProvider.java:40) [start()] - start(Credential [username:********], <?xml version="1.0" encoding="UTF-8"?>
<!DOCTYPE properties SYSTEM "http://java.sun.com/dtd/properties.dtd">
<properties>
<entry key="maxInstanceCount">4</entry>
<entry key="signatureMethod">test-signature-method</entry>
<entry key="imageId">test-image-id</entry>
<entry key="maxAsyncThreads">123</entry>
<entry key="keyname">test-keypair</entry>
<entry key="webappName">test-app-name</entry>
<entry key="minInstanceCount">3</entry>
<entry key="provider">test-amazon-provider</entry>
<entry key="webappPort">8080</entry>
<entry key="webappProtocol">http</entry>
</properties>
)
INFO           2009/04/09 09:57:44 [main] (EC2ComputeProvider.java:40) [start()] - start(Credential [username:********], <?xml version="1.0" encoding="UTF-8"?>
<!DOCTYPE properties SYSTEM "http://java.sun.com/dtd/properties.dtd">
<properties>
<entry key="maxInstanceCount">4</entry>
<entry key="signatureMethod">test-signature-method</entry>
<entry key="imageId">test-image-id</entry>
<entry key="maxAsyncThreads">123</entry>
<entry key="keyname">test-keypair</entry>
<entry key="webappName">test-app-name</entry>
<entry key="minInstanceCount">3</entry>
<entry key="provider">test-amazon-provider</entry>
<entry key="webappPort">8080</entry>
<entry key="webappProtocol">http</entry>
</properties>
)
INFO           2009/04/09 09:59:09 [main] (EC2ComputeProvider.java:40) [start()] - start(Credential [username:********], <?xml version="1.0" encoding="UTF-8"?>
<!DOCTYPE properties SYSTEM "http://java.sun.com/dtd/properties.dtd">
<properties>
<entry key="maxInstanceCount">4</entry>
<entry key="signatureMethod">test-signature-method</entry>
<entry key="imageId">test-image-id</entry>
<entry key="maxAsyncThreads">123</entry>
<entry key="keyname">test-keypair</entry>
<entry key="webappName">test-app-name</entry>
<entry key="minInstanceCount">3</entry>
<entry key="provider">test-amazon-provider</entry>
<entry key="webappPort">8080</entry>
<entry key="webappProtocol">http</entry>
</properties>
)
INFO           2009/04/09 10:09:26 [main] (EC2ComputeProvider.java:40) [start()] - start(Credential [username:********], <?xml version="1.0" encoding="UTF-8"?>
<!DOCTYPE properties SYSTEM "http://java.sun.com/dtd/properties.dtd">
<properties>
<entry key="maxInstanceCount">4</entry>
<entry key="signatureMethod">test-signature-method</entry>
<entry key="imageId">test-image-id</entry>
<entry key="maxAsyncThreads">123</entry>
<entry key="keyname">test-keypair</entry>
<entry key="webappName">test-app-name</entry>
<entry key="minInstanceCount">3</entry>
<entry key="provider">test-amazon-provider</entry>
<entry key="webappPort">8080</entry>
<entry key="webappProtocol">http</entry>
</properties>
)
INFO           2009/04/09 10:09:46 [main] (EC2ComputeProvider.java:40) [start()] - start(Credential [username:********], <?xml version="1.0" encoding="UTF-8"?>
<!DOCTYPE properties SYSTEM "http://java.sun.com/dtd/properties.dtd">
<properties>
<entry key="maxInstanceCount">4</entry>
<entry key="signatureMethod">test-signature-method</entry>
<entry key="imageId">test-image-id</entry>
<entry key="maxAsyncThreads">123</entry>
<entry key="keyname">test-keypair</entry>
<entry key="webappName">test-app-name</entry>
<entry key="minInstanceCount">3</entry>
<entry key="provider">test-amazon-provider</entry>
<entry key="webappPort">8080</entry>
<entry key="webappProtocol">http</entry>
</properties>
)
INFO           2009/04/09 10:23:34 [main] (EC2ComputeProvider.java:40) [start()] - start(Credential [username:********], <?xml version="1.0" encoding="UTF-8"?>
<!DOCTYPE properties SYSTEM "http://java.sun.com/dtd/properties.dtd">
<properties>
<entry key="maxInstanceCount">4</entry>
<entry key="signatureMethod">test-signature-method</entry>
<entry key="imageId">test-image-id</entry>
<entry key="maxAsyncThreads">123</entry>
<entry key="keyname">test-keypair</entry>
<entry key="webappName">test-app-name</entry>
<entry key="minInstanceCount">3</entry>
<entry key="provider">test-amazon-provider</entry>
<entry key="webappPort">8080</entry>
<entry key="webappProtocol">http</entry>
</properties>
)
INFO           2009/04/09 10:23:58 [main] (EC2ComputeProvider.java:40) [start()] - start(Credential [username:********], <?xml version="1.0" encoding="UTF-8"?>
<!DOCTYPE properties SYSTEM "http://java.sun.com/dtd/properties.dtd">
<properties>
<entry key="maxInstanceCount">4</entry>
<entry key="signatureMethod">test-signature-method</entry>
<entry key="imageId">test-image-id</entry>
<entry key="maxAsyncThreads">123</entry>
<entry key="keyname">test-keypair</entry>
<entry key="webappName">test-app-name</entry>
<entry key="minInstanceCount">3</entry>
<entry key="provider">test-amazon-provider</entry>
<entry key="webappPort">8080</entry>
<entry key="webappProtocol">http</entry>
</properties>
)
INFO           2009/04/09 10:25:32 [main] (EC2ComputeProvider.java:40) [start()] - start(Credential [username:********], <?xml version="1.0" encoding="UTF-8"?>
<!DOCTYPE properties SYSTEM "http://java.sun.com/dtd/properties.dtd">
<properties>
<entry key="maxInstanceCount">4</entry>
<entry key="signatureMethod">test-signature-method</entry>
<entry key="imageId">test-image-id</entry>
<entry key="maxAsyncThreads">123</entry>
<entry key="keyname">test-keypair</entry>
<entry key="webappName">test-app-name</entry>
<entry key="minInstanceCount">3</entry>
<entry key="provider">test-amazon-provider</entry>
<entry key="webappPort">8080</entry>
<entry key="webappProtocol">http</entry>
</properties>
)
INFO           2009/04/09 10:26:32 [main] (EC2ComputeProvider.java:40) [start()] - start(Credential [username:********], <?xml version="1.0" encoding="UTF-8"?>
<!DOCTYPE properties SYSTEM "http://java.sun.com/dtd/properties.dtd">
<properties>
<entry key="maxInstanceCount">4</entry>
<entry key="signatureMethod">test-signature-method</entry>
<entry key="imageId">test-image-id</entry>
<entry key="maxAsyncThreads">123</entry>
<entry key="keyname">test-keypair</entry>
<entry key="webappName">test-app-name</entry>
<entry key="minInstanceCount">3</entry>
<entry key="provider">test-amazon-provider</entry>
<entry key="webappPort">8080</entry>
<entry key="webappProtocol">http</entry>
</properties>
)
INFO           2009/04/09 10:28:07 [main] (EC2ComputeProvider.java:40) [start()] - start(Credential [username:********], <?xml version="1.0" encoding="UTF-8"?>
<!DOCTYPE properties SYSTEM "http://java.sun.com/dtd/properties.dtd">
<properties>
<entry key="maxInstanceCount">4</entry>
<entry key="signatureMethod">test-signature-method</entry>
<entry key="imageId">test-image-id</entry>
<entry key="maxAsyncThreads">123</entry>
<entry key="keyname">test-keypair</entry>
<entry key="webappName">test-app-name</entry>
<entry key="minInstanceCount">3</entry>
<entry key="provider">test-amazon-provider</entry>
<entry key="webappPort">8080</entry>
<entry key="webappProtocol">http</entry>
</properties>
)
INFO           2009/04/09 10:30:13 [main] (EC2ComputeProvider.java:40) [start()] - start(Credential [username:********], <?xml version="1.0" encoding="UTF-8"?>
<!DOCTYPE properties SYSTEM "http://java.sun.com/dtd/properties.dtd">
<properties>
<entry key="maxInstanceCount">4</entry>
<entry key="signatureMethod">test-signature-method</entry>
<entry key="imageId">test-image-id</entry>
<entry key="maxAsyncThreads">123</entry>
<entry key="keyname">test-keypair</entry>
<entry key="webappName">test-app-name</entry>
<entry key="minInstanceCount">3</entry>
<entry key="provider">test-amazon-provider</entry>
<entry key="webappPort">8080</entry>
<entry key="webappProtocol">http</entry>
</properties>
)
INFO           2009/04/09 10:31:03 [main] (EC2ComputeProvider.java:40) [start()] - start(Credential [username:********], <?xml version="1.0" encoding="UTF-8"?>
<!DOCTYPE properties SYSTEM "http://java.sun.com/dtd/properties.dtd">
<properties>
<entry key="maxInstanceCount">4</entry>
<entry key="signatureMethod">test-signature-method</entry>
<entry key="imageId">test-image-id</entry>
<entry key="maxAsyncThreads">123</entry>
<entry key="keyname">test-keypair</entry>
<entry key="webappName">test-app-name</entry>
<entry key="minInstanceCount">3</entry>
<entry key="provider">test-amazon-provider</entry>
<entry key="webappPort">8080</entry>
<entry key="webappProtocol">http</entry>
</properties>
)
INFO           2009/04/09 10:33:32 [main] (EC2ComputeProvider.java:40) [start()] - start(Credential [username:********], <?xml version="1.0" encoding="UTF-8"?>
<!DOCTYPE properties SYSTEM "http://java.sun.com/dtd/properties.dtd">
<properties>
<entry key="maxInstanceCount">4</entry>
<entry key="signatureMethod">test-signature-method</entry>
<entry key="imageId">test-image-id</entry>
<entry key="maxAsyncThreads">123</entry>
<entry key="keyname">test-keypair</entry>
<entry key="webappName">test-app-name</entry>
<entry key="minInstanceCount">3</entry>
<entry key="provider">test-amazon-provider</entry>
<entry key="webappPort">8080</entry>
<entry key="webappProtocol">http</entry>
</properties>
)
INFO           2009/04/09 10:34:54 [main] (EC2ComputeProvider.java:40) [start()] - start(Credential [username:********], <?xml version="1.0" encoding="UTF-8"?>
<!DOCTYPE properties SYSTEM "http://java.sun.com/dtd/properties.dtd">
<properties>
<entry key="maxInstanceCount">4</entry>
<entry key="signatureMethod">test-signature-method</entry>
<entry key="imageId">test-image-id</entry>
<entry key="maxAsyncThreads">123</entry>
<entry key="keyname">test-keypair</entry>
<entry key="webappName">test-app-name</entry>
<entry key="minInstanceCount">3</entry>
<entry key="provider">test-amazon-provider</entry>
<entry key="webappPort">8080</entry>
<entry key="webappProtocol">http</entry>
</properties>
)
